This mapping 'snapshot_20171003' was designed for MC 1.12! Use at your own peril.This mapping 'snapshot_20171003' was designed for MC 1.12! Use at your own peril.

:deobfCompileDummyTask
:deobfProvidedDummyTask
:sourceApiJava UP-TO-DATE
:compileApiJava UP-TO-DATE
:processApiResources UP-TO-DATE
:apiClasses UP-TO-DATE
:sourceBlockOutJava UP-TO-DATE
:compileBlockOutJava UP-TO-DATE
:processBlockOutResources UP-TO-DATE
:blockOutClasses UP-TO-DATE
:sourceMainJava UP-TO-DATE
:sourceStructuresJava UP-TO-DATE
:compileStructuresJava UP-TO-DATE
:processStructuresResources UP-TO-DATE
:structuresClasses UP-TO-DATE
:compileJavaNote: Some input files use or override a deprecated API.
Note: Recompile with -Xlint:deprecation for details.
Note: /home/thco/Projects/Mine/Conquest/build/sources/main/java/com/settlers/entity/EntityWeirdZombie.java uses unchecked or unsafe operations.
Note: Recompile with -Xlint:unchecked for details.

:processResources UP-TO-DATE
:classes
:jar UP-TO-DATE
:sourceTestJava
:compileTestJava UP-TO-DATE
:processTestResources
:testClasses
:test UP-TO-DATE
:extractMcpData SKIPPED
:extractMcpMappings SKIPPED
:getVersionJson
:extractUserdev UP-TO-DATE
:genSrgs SKIPPED
:reobfJar
:extractAnnotationsJar
:extractRangemapReplacedMain
/home/thco/Projects/Mine/Conquest/build/sources/main/java
:retromapReplacedMain
remapping source...
:sourceJar
:assemble
:check UP-TO-DATE
:build

BUILD SUCCESSFUL

Total time: 11.664 secs
