[17:28:30] [main/INFO]: Setting user: Player398
[17:28:33] [main/WARN]: Skipping bad option: lastServer:
[17:28:33] [main/INFO]: LWJGL Version: 2.9.4
[17:28:40] [main/INFO]: Reloading ResourceManager: Default, FMLFileResourcePack:Forge Mod Loader, FMLFileResourcePack:Minecraft Forge, FMLFileResourcePack:Conquest Mod, FMLFileResourcePack:MineColonies, FMLFileResourcePack:Mantle, FMLFileResourcePack:Tinkers' Construct, FMLFileResourcePack:Just Enough Items
[17:28:44] [main/WARN]: File minecolonies:sounds/mob/deliveryman/female/inhaleexhale1.ogg does not exist, cannot add it to event minecolonies:mob.deliveryman.female.noise
[17:28:44] [main/WARN]: File minecolonies:sounds/mob/builder/female/whatisit.ogg does not exist, cannot add it to event minecolonies:mob.builder.female.interaction
[17:28:44] [main/WARN]: File minecolonies:sounds/mob/deliveryman/female/inhaleexhale1.ogg does not exist, cannot add it to event minecolonies:mob.deliveryman.female.noise
[17:28:44] [main/WARN]: File minecolonies:sounds/mob/builder/female/whatisit.ogg does not exist, cannot add it to event minecolonies:mob.builder.female.interaction
[17:28:44] [main/WARN]: Missing sound for event: minecolonies:mob.guard.archer.female.badhousing
[17:28:44] [Sound Library Loader/INFO]: Starting up SoundSystem...
[17:28:44] [Thread-4/INFO]: Initializing LWJGL OpenAL
[17:28:44] [Thread-4/INFO]: (The LWJGL binding of OpenAL.  For more information, see http://www.lwjgl.org)
[17:28:44] [Thread-4/INFO]: OpenAL initialized.
[17:28:45] [Sound Library Loader/INFO]: Sound engine started
[17:28:50] [main/INFO]: Created: 1024x1024 textures-atlas
[17:28:58] [main/WARN]: Skipping bad option: lastServer:
[17:28:58] [main/INFO]: Narrator library successfully loaded
[17:28:59] [Realms Notification Availability checker #1/INFO]: Could not authorize you against Realms server: Invalid session id
[17:29:27] [main/INFO]: Deleting level New World
[17:29:27] [main/INFO]: Attempt 1...
[17:29:32] [Server thread/INFO]: Starting integrated minecraft server version 1.12.2
[17:29:32] [Server thread/INFO]: Generating keypair
[17:29:33] [Server thread/ERROR]: Couldn't load loot table minecolonies:entityarcherbarbariandrops from file:/home/thco/Projects/Mine/Conquest/classes/production/Conquest_main/assets/minecolonies/loot_tables/entityarcherbarbariandrops.json
com.google.gson.JsonSyntaxException: Expected name to be an item, was unknown string 'minecolonies:ancienttome'
	at net.minecraft.util.JsonUtils.getItem(JsonUtils.java:133) ~[JsonUtils.class:?]
	at net.minecraft.util.JsonUtils.getItem(JsonUtils.java:150) ~[JsonUtils.class:?]
	at net.minecraft.world.storage.loot.LootEntryItem.deserialize(LootEntryItem.java:83) ~[LootEntryItem.class:?]
	at net.minecraft.world.storage.loot.LootEntry$Serializer.deserialize(LootEntry.java:72) ~[LootEntry$Serializer.class:?]
	at net.minecraft.world.storage.loot.LootEntry$Serializer.deserialize(LootEntry.java:48) ~[LootEntry$Serializer.class:?]
	at com.google.gson.internal.bind.TreeTypeAdapter.read(TreeTypeAdapter.java:69) ~[TreeTypeAdapter.class:?]
	at com.google.gson.internal.bind.TypeAdapterRuntimeTypeWrapper.read(TypeAdapterRuntimeTypeWrapper.java:41) ~[TypeAdapterRuntimeTypeWrapper.class:?]
	at com.google.gson.internal.bind.ArrayTypeAdapter.read(ArrayTypeAdapter.java:72) ~[ArrayTypeAdapter.class:?]
	at com.google.gson.Gson.fromJson(Gson.java:887) ~[Gson.class:?]
	at com.google.gson.Gson.fromJson(Gson.java:952) ~[Gson.class:?]
	at com.google.gson.internal.bind.TreeTypeAdapter$GsonContextImpl.deserialize(TreeTypeAdapter.java:162) ~[TreeTypeAdapter$GsonContextImpl.class:?]
	at net.minecraft.util.JsonUtils.deserializeClass(JsonUtils.java:359) ~[JsonUtils.class:?]
	at net.minecraft.util.JsonUtils.deserializeClass(JsonUtils.java:371) ~[JsonUtils.class:?]
	at net.minecraft.world.storage.loot.LootPool$Serializer.deserialize(LootPool.java:153) ~[LootPool$Serializer.class:?]
	at net.minecraft.world.storage.loot.LootPool$Serializer.deserialize(LootPool.java:147) ~[LootPool$Serializer.class:?]
	at com.google.gson.internal.bind.TreeTypeAdapter.read(TreeTypeAdapter.java:69) ~[TreeTypeAdapter.class:?]
	at com.google.gson.internal.bind.TypeAdapterRuntimeTypeWrapper.read(TypeAdapterRuntimeTypeWrapper.java:41) ~[TypeAdapterRuntimeTypeWrapper.class:?]
	at com.google.gson.internal.bind.ArrayTypeAdapter.read(ArrayTypeAdapter.java:72) ~[ArrayTypeAdapter.class:?]
	at com.google.gson.Gson.fromJson(Gson.java:887) ~[Gson.class:?]
	at com.google.gson.Gson.fromJson(Gson.java:952) ~[Gson.class:?]
	at com.google.gson.internal.bind.TreeTypeAdapter$GsonContextImpl.deserialize(TreeTypeAdapter.java:162) ~[TreeTypeAdapter$GsonContextImpl.class:?]
	at net.minecraft.util.JsonUtils.deserializeClass(JsonUtils.java:359) ~[JsonUtils.class:?]
	at net.minecraft.util.JsonUtils.deserializeClass(JsonUtils.java:381) ~[JsonUtils.class:?]
	at net.minecraft.world.storage.loot.LootTable$Serializer.deserialize(LootTable.java:210) ~[LootTable$Serializer.class:?]
	at net.minecraft.world.storage.loot.LootTable$Serializer.deserialize(LootTable.java:205) ~[LootTable$Serializer.class:?]
	at com.google.gson.internal.bind.TreeTypeAdapter.read(TreeTypeAdapter.java:69) ~[TreeTypeAdapter.class:?]
	at com.google.gson.Gson.fromJson(Gson.java:887) ~[Gson.class:?]
	at com.google.gson.Gson.fromJson(Gson.java:852) ~[Gson.class:?]
	at com.google.gson.Gson.fromJson(Gson.java:801) ~[Gson.class:?]
	at com.google.gson.Gson.fromJson(Gson.java:773) ~[Gson.class:?]
	at net.minecraftforge.common.ForgeHooks.loadLootTable(ForgeHooks.java:1149) ~[ForgeHooks.class:?]
	at net.minecraft.world.storage.loot.LootTableManager$Loader.loadBuiltinLootTable(LootTableManager.java:156) [LootTableManager$Loader.class:?]
	at net.minecraft.world.storage.loot.LootTableManager$Loader.load(LootTableManager.java:72) [LootTableManager$Loader.class:?]
	at net.minecraft.world.storage.loot.LootTableManager$Loader.load(LootTableManager.java:53) [LootTableManager$Loader.class:?]
	at com.google.common.cache.LocalCache$LoadingValueReference.loadFuture(LocalCache.java:3716) [guava-21.0.jar:?]
	at com.google.common.cache.LocalCache$Segment.loadSync(LocalCache.java:2424) [guava-21.0.jar:?]
	at com.google.common.cache.LocalCache$Segment.lockedGetOrLoad(LocalCache.java:2298) [guava-21.0.jar:?]
	at com.google.common.cache.LocalCache$Segment.get(LocalCache.java:2211) [guava-21.0.jar:?]
	at com.google.common.cache.LocalCache.get(LocalCache.java:4154) [guava-21.0.jar:?]
	at com.google.common.cache.LocalCache.getOrLoad(LocalCache.java:4158) [guava-21.0.jar:?]
	at com.google.common.cache.LocalCache$LocalLoadingCache.get(LocalCache.java:5147) [guava-21.0.jar:?]
	at com.google.common.cache.LocalCache$LocalLoadingCache.getUnchecked(LocalCache.java:5153) [guava-21.0.jar:?]
	at net.minecraft.world.storage.loot.LootTableManager.getLootTableFromLocation(LootTableManager.java:40) [LootTableManager.class:?]
	at net.minecraft.world.storage.loot.LootTableManager.reloadLootTables(LootTableManager.java:49) [LootTableManager.class:?]
	at net.minecraft.world.storage.loot.LootTableManager.<init>(LootTableManager.java:35) [LootTableManager.class:?]
	at net.minecraft.world.WorldServer.init(WorldServer.java:161) [WorldServer.class:?]
	at net.minecraft.server.integrated.IntegratedServer.loadAllWorlds(IntegratedServer.java:123) [IntegratedServer.class:?]
	at net.minecraft.server.integrated.IntegratedServer.init(IntegratedServer.java:160) [IntegratedServer.class:?]
	at net.minecraft.server.MinecraftServer.run(MinecraftServer.java:550) [MinecraftServer.class:?]
	at java.lang.Thread.run(Thread.java:748) [?:1.8.0_151]
[17:29:33] [Server thread/ERROR]: Couldn't load loot table minecolonies:entitychiefbarbariandrops from file:/home/thco/Projects/Mine/Conquest/classes/production/Conquest_main/assets/minecolonies/loot_tables/entitychiefbarbariandrops.json
com.google.gson.JsonSyntaxException: Expected name to be an item, was unknown string 'minecolonies:chiefsword'
	at net.minecraft.util.JsonUtils.getItem(JsonUtils.java:133) ~[JsonUtils.class:?]
	at net.minecraft.util.JsonUtils.getItem(JsonUtils.java:150) ~[JsonUtils.class:?]
	at net.minecraft.world.storage.loot.LootEntryItem.deserialize(LootEntryItem.java:83) ~[LootEntryItem.class:?]
	at net.minecraft.world.storage.loot.LootEntry$Serializer.deserialize(LootEntry.java:72) ~[LootEntry$Serializer.class:?]
	at net.minecraft.world.storage.loot.LootEntry$Serializer.deserialize(LootEntry.java:48) ~[LootEntry$Serializer.class:?]
	at com.google.gson.internal.bind.TreeTypeAdapter.read(TreeTypeAdapter.java:69) ~[TreeTypeAdapter.class:?]
	at com.google.gson.internal.bind.TypeAdapterRuntimeTypeWrapper.read(TypeAdapterRuntimeTypeWrapper.java:41) ~[TypeAdapterRuntimeTypeWrapper.class:?]
	at com.google.gson.internal.bind.ArrayTypeAdapter.read(ArrayTypeAdapter.java:72) ~[ArrayTypeAdapter.class:?]
	at com.google.gson.Gson.fromJson(Gson.java:887) ~[Gson.class:?]
	at com.google.gson.Gson.fromJson(Gson.java:952) ~[Gson.class:?]
	at com.google.gson.internal.bind.TreeTypeAdapter$GsonContextImpl.deserialize(TreeTypeAdapter.java:162) ~[TreeTypeAdapter$GsonContextImpl.class:?]
	at net.minecraft.util.JsonUtils.deserializeClass(JsonUtils.java:359) ~[JsonUtils.class:?]
	at net.minecraft.util.JsonUtils.deserializeClass(JsonUtils.java:371) ~[JsonUtils.class:?]
	at net.minecraft.world.storage.loot.LootPool$Serializer.deserialize(LootPool.java:153) ~[LootPool$Serializer.class:?]
	at net.minecraft.world.storage.loot.LootPool$Serializer.deserialize(LootPool.java:147) ~[LootPool$Serializer.class:?]
	at com.google.gson.internal.bind.TreeTypeAdapter.read(TreeTypeAdapter.java:69) ~[TreeTypeAdapter.class:?]
	at com.google.gson.internal.bind.TypeAdapterRuntimeTypeWrapper.read(TypeAdapterRuntimeTypeWrapper.java:41) ~[TypeAdapterRuntimeTypeWrapper.class:?]
	at com.google.gson.internal.bind.ArrayTypeAdapter.read(ArrayTypeAdapter.java:72) ~[ArrayTypeAdapter.class:?]
	at com.google.gson.Gson.fromJson(Gson.java:887) ~[Gson.class:?]
	at com.google.gson.Gson.fromJson(Gson.java:952) ~[Gson.class:?]
	at com.google.gson.internal.bind.TreeTypeAdapter$GsonContextImpl.deserialize(TreeTypeAdapter.java:162) ~[TreeTypeAdapter$GsonContextImpl.class:?]
	at net.minecraft.util.JsonUtils.deserializeClass(JsonUtils.java:359) ~[JsonUtils.class:?]
	at net.minecraft.util.JsonUtils.deserializeClass(JsonUtils.java:381) ~[JsonUtils.class:?]
	at net.minecraft.world.storage.loot.LootTable$Serializer.deserialize(LootTable.java:210) ~[LootTable$Serializer.class:?]
	at net.minecraft.world.storage.loot.LootTable$Serializer.deserialize(LootTable.java:205) ~[LootTable$Serializer.class:?]
	at com.google.gson.internal.bind.TreeTypeAdapter.read(TreeTypeAdapter.java:69) ~[TreeTypeAdapter.class:?]
	at com.google.gson.Gson.fromJson(Gson.java:887) ~[Gson.class:?]
	at com.google.gson.Gson.fromJson(Gson.java:852) ~[Gson.class:?]
	at com.google.gson.Gson.fromJson(Gson.java:801) ~[Gson.class:?]
	at com.google.gson.Gson.fromJson(Gson.java:773) ~[Gson.class:?]
	at net.minecraftforge.common.ForgeHooks.loadLootTable(ForgeHooks.java:1149) ~[ForgeHooks.class:?]
	at net.minecraft.world.storage.loot.LootTableManager$Loader.loadBuiltinLootTable(LootTableManager.java:156) [LootTableManager$Loader.class:?]
	at net.minecraft.world.storage.loot.LootTableManager$Loader.load(LootTableManager.java:72) [LootTableManager$Loader.class:?]
	at net.minecraft.world.storage.loot.LootTableManager$Loader.load(LootTableManager.java:53) [LootTableManager$Loader.class:?]
	at com.google.common.cache.LocalCache$LoadingValueReference.loadFuture(LocalCache.java:3716) [guava-21.0.jar:?]
	at com.google.common.cache.LocalCache$Segment.loadSync(LocalCache.java:2424) [guava-21.0.jar:?]
	at com.google.common.cache.LocalCache$Segment.lockedGetOrLoad(LocalCache.java:2298) [guava-21.0.jar:?]
	at com.google.common.cache.LocalCache$Segment.get(LocalCache.java:2211) [guava-21.0.jar:?]
	at com.google.common.cache.LocalCache.get(LocalCache.java:4154) [guava-21.0.jar:?]
	at com.google.common.cache.LocalCache.getOrLoad(LocalCache.java:4158) [guava-21.0.jar:?]
	at com.google.common.cache.LocalCache$LocalLoadingCache.get(LocalCache.java:5147) [guava-21.0.jar:?]
	at com.google.common.cache.LocalCache$LocalLoadingCache.getUnchecked(LocalCache.java:5153) [guava-21.0.jar:?]
	at net.minecraft.world.storage.loot.LootTableManager.getLootTableFromLocation(LootTableManager.java:40) [LootTableManager.class:?]
	at net.minecraft.world.storage.loot.LootTableManager.reloadLootTables(LootTableManager.java:49) [LootTableManager.class:?]
	at net.minecraft.world.storage.loot.LootTableManager.<init>(LootTableManager.java:35) [LootTableManager.class:?]
	at net.minecraft.world.WorldServer.init(WorldServer.java:161) [WorldServer.class:?]
	at net.minecraft.server.integrated.IntegratedServer.loadAllWorlds(IntegratedServer.java:123) [IntegratedServer.class:?]
	at net.minecraft.server.integrated.IntegratedServer.init(IntegratedServer.java:160) [IntegratedServer.class:?]
	at net.minecraft.server.MinecraftServer.run(MinecraftServer.java:550) [MinecraftServer.class:?]
	at java.lang.Thread.run(Thread.java:748) [?:1.8.0_151]
[17:29:33] [Server thread/ERROR]: Couldn't load loot table minecolonies:entitybarbariandrops from file:/home/thco/Projects/Mine/Conquest/classes/production/Conquest_main/assets/minecolonies/loot_tables/entitybarbariandrops.json
com.google.gson.JsonSyntaxException: Expected name to be an item, was unknown string 'minecolonies:ancienttome'
	at net.minecraft.util.JsonUtils.getItem(JsonUtils.java:133) ~[JsonUtils.class:?]
	at net.minecraft.util.JsonUtils.getItem(JsonUtils.java:150) ~[JsonUtils.class:?]
	at net.minecraft.world.storage.loot.LootEntryItem.deserialize(LootEntryItem.java:83) ~[LootEntryItem.class:?]
	at net.minecraft.world.storage.loot.LootEntry$Serializer.deserialize(LootEntry.java:72) ~[LootEntry$Serializer.class:?]
	at net.minecraft.world.storage.loot.LootEntry$Serializer.deserialize(LootEntry.java:48) ~[LootEntry$Serializer.class:?]
	at com.google.gson.internal.bind.TreeTypeAdapter.read(TreeTypeAdapter.java:69) ~[TreeTypeAdapter.class:?]
	at com.google.gson.internal.bind.TypeAdapterRuntimeTypeWrapper.read(TypeAdapterRuntimeTypeWrapper.java:41) ~[TypeAdapterRuntimeTypeWrapper.class:?]
	at com.google.gson.internal.bind.ArrayTypeAdapter.read(ArrayTypeAdapter.java:72) ~[ArrayTypeAdapter.class:?]
	at com.google.gson.Gson.fromJson(Gson.java:887) ~[Gson.class:?]
	at com.google.gson.Gson.fromJson(Gson.java:952) ~[Gson.class:?]
	at com.google.gson.internal.bind.TreeTypeAdapter$GsonContextImpl.deserialize(TreeTypeAdapter.java:162) ~[TreeTypeAdapter$GsonContextImpl.class:?]
	at net.minecraft.util.JsonUtils.deserializeClass(JsonUtils.java:359) ~[JsonUtils.class:?]
	at net.minecraft.util.JsonUtils.deserializeClass(JsonUtils.java:371) ~[JsonUtils.class:?]
	at net.minecraft.world.storage.loot.LootPool$Serializer.deserialize(LootPool.java:153) ~[LootPool$Serializer.class:?]
	at net.minecraft.world.storage.loot.LootPool$Serializer.deserialize(LootPool.java:147) ~[LootPool$Serializer.class:?]
	at com.google.gson.internal.bind.TreeTypeAdapter.read(TreeTypeAdapter.java:69) ~[TreeTypeAdapter.class:?]
	at com.google.gson.internal.bind.TypeAdapterRuntimeTypeWrapper.read(TypeAdapterRuntimeTypeWrapper.java:41) ~[TypeAdapterRuntimeTypeWrapper.class:?]
	at com.google.gson.internal.bind.ArrayTypeAdapter.read(ArrayTypeAdapter.java:72) ~[ArrayTypeAdapter.class:?]
	at com.google.gson.Gson.fromJson(Gson.java:887) ~[Gson.class:?]
	at com.google.gson.Gson.fromJson(Gson.java:952) ~[Gson.class:?]
	at com.google.gson.internal.bind.TreeTypeAdapter$GsonContextImpl.deserialize(TreeTypeAdapter.java:162) ~[TreeTypeAdapter$GsonContextImpl.class:?]
	at net.minecraft.util.JsonUtils.deserializeClass(JsonUtils.java:359) ~[JsonUtils.class:?]
	at net.minecraft.util.JsonUtils.deserializeClass(JsonUtils.java:381) ~[JsonUtils.class:?]
	at net.minecraft.world.storage.loot.LootTable$Serializer.deserialize(LootTable.java:210) ~[LootTable$Serializer.class:?]
	at net.minecraft.world.storage.loot.LootTable$Serializer.deserialize(LootTable.java:205) ~[LootTable$Serializer.class:?]
	at com.google.gson.internal.bind.TreeTypeAdapter.read(TreeTypeAdapter.java:69) ~[TreeTypeAdapter.class:?]
	at com.google.gson.Gson.fromJson(Gson.java:887) ~[Gson.class:?]
	at com.google.gson.Gson.fromJson(Gson.java:852) ~[Gson.class:?]
	at com.google.gson.Gson.fromJson(Gson.java:801) ~[Gson.class:?]
	at com.google.gson.Gson.fromJson(Gson.java:773) ~[Gson.class:?]
	at net.minecraftforge.common.ForgeHooks.loadLootTable(ForgeHooks.java:1149) ~[ForgeHooks.class:?]
	at net.minecraft.world.storage.loot.LootTableManager$Loader.loadBuiltinLootTable(LootTableManager.java:156) [LootTableManager$Loader.class:?]
	at net.minecraft.world.storage.loot.LootTableManager$Loader.load(LootTableManager.java:72) [LootTableManager$Loader.class:?]
	at net.minecraft.world.storage.loot.LootTableManager$Loader.load(LootTableManager.java:53) [LootTableManager$Loader.class:?]
	at com.google.common.cache.LocalCache$LoadingValueReference.loadFuture(LocalCache.java:3716) [guava-21.0.jar:?]
	at com.google.common.cache.LocalCache$Segment.loadSync(LocalCache.java:2424) [guava-21.0.jar:?]
	at com.google.common.cache.LocalCache$Segment.lockedGetOrLoad(LocalCache.java:2298) [guava-21.0.jar:?]
	at com.google.common.cache.LocalCache$Segment.get(LocalCache.java:2211) [guava-21.0.jar:?]
	at com.google.common.cache.LocalCache.get(LocalCache.java:4154) [guava-21.0.jar:?]
	at com.google.common.cache.LocalCache.getOrLoad(LocalCache.java:4158) [guava-21.0.jar:?]
	at com.google.common.cache.LocalCache$LocalLoadingCache.get(LocalCache.java:5147) [guava-21.0.jar:?]
	at com.google.common.cache.LocalCache$LocalLoadingCache.getUnchecked(LocalCache.java:5153) [guava-21.0.jar:?]
	at net.minecraft.world.storage.loot.LootTableManager.getLootTableFromLocation(LootTableManager.java:40) [LootTableManager.class:?]
	at net.minecraft.world.storage.loot.LootTableManager.reloadLootTables(LootTableManager.java:49) [LootTableManager.class:?]
	at net.minecraft.world.storage.loot.LootTableManager.<init>(LootTableManager.java:35) [LootTableManager.class:?]
	at net.minecraft.world.WorldServer.init(WorldServer.java:161) [WorldServer.class:?]
	at net.minecraft.server.integrated.IntegratedServer.loadAllWorlds(IntegratedServer.java:123) [IntegratedServer.class:?]
	at net.minecraft.server.integrated.IntegratedServer.init(IntegratedServer.java:160) [IntegratedServer.class:?]
	at net.minecraft.server.MinecraftServer.run(MinecraftServer.java:550) [MinecraftServer.class:?]
	at java.lang.Thread.run(Thread.java:748) [?:1.8.0_151]
[17:29:33] [Server thread/INFO]: Loaded 488 advancements
[17:29:35] [Server thread/INFO]: Preparing start region for level 0
[17:29:36] [Server thread/INFO]: Preparing spawn area: 7%
[17:29:37] [Server thread/INFO]: Preparing spawn area: 12%
[17:29:38] [Server thread/INFO]: Preparing spawn area: 20%
[17:29:39] [Server thread/INFO]: Preparing spawn area: 30%
[17:29:40] [Server thread/INFO]: Preparing spawn area: 43%
[17:29:41] [Server thread/INFO]: Preparing spawn area: 58%
[17:29:42] [Server thread/INFO]: Preparing spawn area: 75%
[17:29:43] [Server thread/INFO]: Preparing spawn area: 92%
[17:29:43] [Server thread/INFO]: Changing view distance to 12, from 10
[17:29:45] [Server thread/INFO]: Player398[local:E:c03b4cbe] logged in with entity id 1719 at (154.5, 64.0, 262.5)
[17:29:45] [Server thread/INFO]: Player398 joined the game
[17:29:48] [Server thread/INFO]: Saving and pausing game...
[17:29:48] [Server thread/INFO]: Saving chunks for level 'New World'/overworld
[17:29:49] [pool-2-thread-1/WARN]: Couldn't look up profile properties for com.mojang.authlib.GameProfile@790f701b[id=4878bcfc-e338-372f-9bb9-254339edb686,name=Player398,properties={},legacy=false]
com.mojang.authlib.exceptions.AuthenticationException: The client has sent too many requests within a certain amount of time
	at com.mojang.authlib.yggdrasil.YggdrasilAuthenticationService.makeRequest(YggdrasilAuthenticationService.java:79) ~[YggdrasilAuthenticationService.class:?]
	at com.mojang.authlib.yggdrasil.YggdrasilMinecraftSessionService.fillGameProfile(YggdrasilMinecraftSessionService.java:180) [YggdrasilMinecraftSessionService.class:?]
	at com.mojang.authlib.yggdrasil.YggdrasilMinecraftSessionService$1.load(YggdrasilMinecraftSessionService.java:60) [YggdrasilMinecraftSessionService$1.class:?]
	at com.mojang.authlib.yggdrasil.YggdrasilMinecraftSessionService$1.load(YggdrasilMinecraftSessionService.java:57) [YggdrasilMinecraftSessionService$1.class:?]
	at com.google.common.cache.LocalCache$LoadingValueReference.loadFuture(LocalCache.java:3716) [guava-21.0.jar:?]
	at com.google.common.cache.LocalCache$Segment.loadSync(LocalCache.java:2424) [guava-21.0.jar:?]
	at com.google.common.cache.LocalCache$Segment.lockedGetOrLoad(LocalCache.java:2298) [guava-21.0.jar:?]
	at com.google.common.cache.LocalCache$Segment.get(LocalCache.java:2211) [guava-21.0.jar:?]
	at com.google.common.cache.LocalCache.get(LocalCache.java:4154) [guava-21.0.jar:?]
	at com.google.common.cache.LocalCache.getOrLoad(LocalCache.java:4158) [guava-21.0.jar:?]
	at com.google.common.cache.LocalCache$LocalLoadingCache.get(LocalCache.java:5147) [guava-21.0.jar:?]
	at com.google.common.cache.LocalCache$LocalLoadingCache.getUnchecked(LocalCache.java:5153) [guava-21.0.jar:?]
	at com.mojang.authlib.yggdrasil.YggdrasilMinecraftSessionService.fillProfileProperties(YggdrasilMinecraftSessionService.java:170) [YggdrasilMinecraftSessionService.class:?]
	at net.minecraft.client.Minecraft.getProfileProperties(Minecraft.java:3188) [Minecraft.class:?]
	at net.minecraft.client.resources.SkinManager$3.run(SkinManager.java:138) [SkinManager$3.class:?]
	at java.util.concurrent.Executors$RunnableAdapter.call$$$capture(Executors.java:511) [?:1.8.0_151]
	at java.util.concurrent.Executors$RunnableAdapter.call(Executors.java) [?:1.8.0_151]
	at java.util.concurrent.FutureTask.run$$$capture(FutureTask.java:266) [?:1.8.0_151]
	at java.util.concurrent.FutureTask.run(FutureTask.java) [?:1.8.0_151]
	at java.util.concurrent.ThreadPoolExecutor.runWorker(ThreadPoolExecutor.java:1149) [?:1.8.0_151]
	at java.util.concurrent.ThreadPoolExecutor$Worker.run(ThreadPoolExecutor.java:624) [?:1.8.0_151]
	at java.lang.Thread.run(Thread.java:748) [?:1.8.0_151]
[17:29:49] [Server thread/INFO]: Saving chunks for level 'New World'/the_nether
[17:29:49] [Server thread/INFO]: Saving chunks for level 'New World'/the_end
[17:29:50] [Server thread/WARN]: Can't keep up! Did the system time change, or is the server overloaded? Running 4602ms behind, skipping 92 tick(s)
[17:29:50] [Server thread/INFO]: Saving and pausing game...
[17:29:50] [Server thread/INFO]: Saving chunks for level 'New World'/overworld
[17:29:50] [Server thread/INFO]: Saving chunks for level 'New World'/the_nether
[17:29:50] [Server thread/INFO]: Saving chunks for level 'New World'/the_end
[17:33:12] [Server thread/WARN]: Can't keep up! Did the system time change, or is the server overloaded? Running 136755ms behind, skipping 2735 tick(s)
[17:33:12] [Server thread/INFO]: Saving and pausing game...
[17:33:12] [Server thread/INFO]: Saving chunks for level 'New World'/overworld
[17:33:12] [Server thread/INFO]: Saving chunks for level 'New World'/the_nether
[17:33:12] [Server thread/INFO]: Saving chunks for level 'New World'/the_end
[17:33:22] [Server thread/WARN]: Can't keep up! Did the system time change, or is the server overloaded? Running 5575ms behind, skipping 111 tick(s)
[17:33:22] [Server thread/INFO]: Saving and pausing game...
[17:33:22] [Server thread/INFO]: Saving chunks for level 'New World'/overworld
[17:33:22] [Server thread/INFO]: Saving chunks for level 'New World'/the_nether
[17:33:22] [Server thread/INFO]: Saving chunks for level 'New World'/the_end
[17:33:31] [Server thread/INFO]: Saving and pausing game...
[17:33:31] [Server thread/INFO]: Saving chunks for level 'New World'/overworld
[17:33:31] [Server thread/INFO]: Saving chunks for level 'New World'/the_nether
[17:33:31] [Server thread/INFO]: Saving chunks for level 'New World'/the_end
[17:33:48] [Server thread/INFO]: Saving and pausing game...
[17:33:48] [Server thread/INFO]: Saving chunks for level 'New World'/overworld
[17:33:48] [Server thread/INFO]: Saving chunks for level 'New World'/the_nether
[17:33:48] [Server thread/INFO]: Saving chunks for level 'New World'/the_end
[17:33:49] [main/INFO]: Stopping!
[17:33:49] [Server thread/INFO]: Stopping server
[17:33:49] [Server thread/INFO]: Saving players
[17:33:49] [Server thread/INFO]: Saving worlds
[17:33:49] [Server thread/INFO]: Saving chunks for level 'New World'/overworld
[17:33:49] [Server thread/INFO]: Saving chunks for level 'New World'/the_nether
[17:33:49] [Server thread/INFO]: Saving chunks for level 'New World'/the_end
[17:33:49] [main/INFO]: SoundSystem shutting down...
[17:33:50] [main/WARN]: Author: Paul Lamb, www.paulscode.com
